2024-07-03 16:49:17.663 +04:00  INF  User profile is available. Using 'C:\Users\user\AppData\Local\ASP.NET\DataProtection-Keys' as key repository and Windows DPAPI to encrypt keys at rest.
2024-07-03 16:49:17.759 +04:00  INF  Now listening on: https://localhost:7095
2024-07-03 16:49:17.759 +04:00  INF  Now listening on: http://localhost:5035
2024-07-03 16:49:17.761 +04:00  INF  Application started. Press Ctrl+C to shut down.
2024-07-03 16:49:17.761 +04:00  INF  Hosting environment: Development
2024-07-03 16:49:17.761 +04:00  INF  Content root path: C:\Users\user\Desktop\Hometask\CourseAppTask\App\
2024-07-03 17:59:44.307 +04:00  INF  Request starting HTTP/2 GET https://localhost:7095/swagger/index.html - -
2024-07-03 17:59:44.780 +04:00  INF  Request finished HTTP/2 GET https://localhost:7095/swagger/index.html - - - 200 - text/html;charset=utf-8 474.1328ms
2024-07-03 17:59:44.874 +04:00  INF  Request starting HTTP/2 GET https://localhost:7095/_framework/aspnetcore-browser-refresh.js - -
2024-07-03 17:59:44.877 +04:00  INF  Request finished HTTP/2 GET https://localhost:7095/_framework/aspnetcore-browser-refresh.js - - - 200 11976 application/javascript;+charset=utf-8 2.9143ms
2024-07-03 17:59:44.877 +04:00  INF  Request starting HTTP/2 GET https://localhost:7095/_vs/browserLink - -
2024-07-03 17:59:44.929 +04:00  INF  Request finished HTTP/2 GET https://localhost:7095/_vs/browserLink - - - 200 - text/javascript;+charset=UTF-8 51.1851ms
2024-07-03 17:59:44.999 +04:00  INF  Request starting HTTP/2 GET https://localhost:7095/swagger/v1/swagger.json - -
2024-07-03 17:59:45.161 +04:00  INF  Request finished HTTP/2 GET https://localhost:7095/swagger/v1/swagger.json - - - 200 - application/json;charset=utf-8 161.6415ms
2024-07-03 18:14:56.381 +04:00  INF  User profile is available. Using 'C:\Users\user\AppData\Local\ASP.NET\DataProtection-Keys' as key repository and Windows DPAPI to encrypt keys at rest.
2024-07-03 18:14:56.470 +04:00  INF  Now listening on: https://localhost:7095
2024-07-03 18:14:56.471 +04:00  INF  Now listening on: http://localhost:5035
2024-07-03 18:14:56.472 +04:00  INF  Application started. Press Ctrl+C to shut down.
2024-07-03 18:14:56.472 +04:00  INF  Hosting environment: Development
2024-07-03 18:14:56.472 +04:00  INF  Content root path: C:\Users\user\Desktop\Hometask\CourseAppTask\App\
2024-07-03 18:14:56.997 +04:00  INF  Request starting HTTP/2 GET https://localhost:7095/swagger/index.html - -
2024-07-03 18:14:57.127 +04:00  INF  Request finished HTTP/2 GET https://localhost:7095/swagger/index.html - - - 200 - text/html;charset=utf-8 131.8980ms
2024-07-03 18:14:57.401 +04:00  INF  Request starting HTTP/2 GET https://localhost:7095/_framework/aspnetcore-browser-refresh.js - -
2024-07-03 18:14:57.401 +04:00  INF  Request starting HTTP/2 GET https://localhost:7095/_vs/browserLink - -
2024-07-03 18:14:57.402 +04:00  INF  Request finished HTTP/2 GET https://localhost:7095/_framework/aspnetcore-browser-refresh.js - - - 200 11976 application/javascript;+charset=utf-8 1.0110ms
2024-07-03 18:14:57.423 +04:00  INF  Request finished HTTP/2 GET https://localhost:7095/_vs/browserLink - - - 200 - text/javascript;+charset=UTF-8 21.6503ms
2024-07-03 18:14:57.465 +04:00  INF  Request starting HTTP/2 GET https://localhost:7095/swagger/v1/swagger.json - -
2024-07-03 18:14:57.530 +04:00  INF  Request finished HTTP/2 GET https://localhost:7095/swagger/v1/swagger.json - - - 200 - application/json;charset=utf-8 65.5933ms
2024-07-03 18:19:32.662 +04:00  INF  User profile is available. Using 'C:\Users\user\AppData\Local\ASP.NET\DataProtection-Keys' as key repository and Windows DPAPI to encrypt keys at rest.
2024-07-03 18:19:32.747 +04:00  INF  Now listening on: https://localhost:7095
2024-07-03 18:19:32.747 +04:00  INF  Now listening on: http://localhost:5035
2024-07-03 18:19:32.749 +04:00  INF  Application started. Press Ctrl+C to shut down.
2024-07-03 18:19:32.749 +04:00  INF  Hosting environment: Development
2024-07-03 18:19:32.749 +04:00  INF  Content root path: C:\Users\user\Desktop\Hometask\CourseAppTask\App\
2024-07-03 18:19:32.934 +04:00  INF  Request starting HTTP/2 GET https://localhost:7095/swagger/index.html - -
2024-07-03 18:19:33.045 +04:00  INF  Request finished HTTP/2 GET https://localhost:7095/swagger/index.html - - - 200 - text/html;charset=utf-8 112.8459ms
2024-07-03 18:19:33.052 +04:00  INF  Request starting HTTP/2 GET https://localhost:7095/_framework/aspnetcore-browser-refresh.js - -
2024-07-03 18:19:33.052 +04:00  INF  Request starting HTTP/2 GET https://localhost:7095/_vs/browserLink - -
2024-07-03 18:19:33.053 +04:00  INF  Request finished HTTP/2 GET https://localhost:7095/_framework/aspnetcore-browser-refresh.js - - - 200 11976 application/javascript;+charset=utf-8 0.9373ms
2024-07-03 18:19:33.072 +04:00  INF  Request finished HTTP/2 GET https://localhost:7095/_vs/browserLink - - - 200 - text/javascript;+charset=UTF-8 20.3764ms
2024-07-03 18:19:33.176 +04:00  INF  Request starting HTTP/2 GET https://localhost:7095/swagger/v1/swagger.json - -
2024-07-03 18:19:33.236 +04:00  INF  Request finished HTTP/2 GET https://localhost:7095/swagger/v1/swagger.json - - - 200 - application/json;charset=utf-8 59.8318ms
2024-07-03 18:19:35.182 +04:00  INF  Request starting HTTP/2 GET https://localhost:7095/swagger/index.html - -
2024-07-03 18:19:35.185 +04:00  INF  Request finished HTTP/2 GET https://localhost:7095/swagger/index.html - - - 200 - text/html;charset=utf-8 2.4725ms
2024-07-03 18:19:35.192 +04:00  INF  Request starting HTTP/2 GET https://localhost:7095/_vs/browserLink - -
2024-07-03 18:19:35.194 +04:00  INF  Request starting HTTP/2 GET https://localhost:7095/_framework/aspnetcore-browser-refresh.js - -
2024-07-03 18:19:35.196 +04:00  INF  Request finished HTTP/2 GET https://localhost:7095/_framework/aspnetcore-browser-refresh.js - - - 200 11976 application/javascript;+charset=utf-8 1.2119ms
2024-07-03 18:19:35.201 +04:00  INF  Request finished HTTP/2 GET https://localhost:7095/_vs/browserLink - - - 200 - text/javascript;+charset=UTF-8 8.2714ms
2024-07-03 18:19:35.275 +04:00  INF  Request starting HTTP/2 GET https://localhost:7095/swagger/v1/swagger.json - -
2024-07-03 18:19:35.280 +04:00  INF  Request finished HTTP/2 GET https://localhost:7095/swagger/v1/swagger.json - - - 200 - application/json;charset=utf-8 5.0525ms
2024-07-03 18:19:37.637 +04:00  INF  Request starting HTTP/2 GET https://localhost:7095/swagger/index.html - -
2024-07-03 18:19:37.639 +04:00  INF  Request finished HTTP/2 GET https://localhost:7095/swagger/index.html - - - 200 - text/html;charset=utf-8 1.2165ms
2024-07-03 18:19:37.679 +04:00  INF  Request starting HTTP/2 GET https://localhost:7095/_framework/aspnetcore-browser-refresh.js - -
2024-07-03 18:19:37.679 +04:00  INF  Request starting HTTP/2 GET https://localhost:7095/_vs/browserLink - -
2024-07-03 18:19:37.679 +04:00  INF  Request finished HTTP/2 GET https://localhost:7095/_framework/aspnetcore-browser-refresh.js - - - 200 11976 application/javascript;+charset=utf-8 0.1467ms
2024-07-03 18:19:37.681 +04:00  INF  Request finished HTTP/2 GET https://localhost:7095/_vs/browserLink - - - 200 - text/javascript;+charset=UTF-8 2.0543ms
2024-07-03 18:19:37.721 +04:00  INF  Request starting HTTP/2 GET https://localhost:7095/swagger/v1/swagger.json - -
2024-07-03 18:19:37.726 +04:00  INF  Request finished HTTP/2 GET https://localhost:7095/swagger/v1/swagger.json - - - 200 - application/json;charset=utf-8 4.5231ms
2024-07-03 18:20:21.125 +04:00  INF  Request starting HTTP/2 POST https://localhost:7095/api/Account/SignUp application/json 117
2024-07-03 18:20:21.151 +04:00  INF  Executing endpoint 'App.Controllers.UI.AccountController.SignUp (App)'
2024-07-03 18:20:21.190 +04:00  INF  Route matched with {action = "SignUp", controller = "Account"}. Executing controller action with signature System.Threading.Tasks.Task`1[Microsoft.AspNetCore.Mvc.IActionResult] SignUp(Service.DTOs.Account.RegisterDto) on controller App.Controllers.UI.AccountController (App).
2024-07-03 18:20:22.057 +04:00  WRN  User password validation failed: PasswordRequiresUpper.
2024-07-03 18:20:22.066 +04:00  INF  Executing BadRequestObjectResult, writing value of type 'Service.Helpers.Account.RegisterResponse'.
2024-07-03 18:20:22.075 +04:00  INF  Executed action App.Controllers.UI.AccountController.SignUp (App) in 878.6025ms
2024-07-03 18:20:22.075 +04:00  INF  Executed endpoint 'App.Controllers.UI.AccountController.SignUp (App)'
2024-07-03 18:20:22.077 +04:00  INF  Request finished HTTP/2 POST https://localhost:7095/api/Account/SignUp application/json 117 - 400 - application/json;+charset=utf-8 952.3080ms
2024-07-03 18:20:33.259 +04:00  INF  Request starting HTTP/2 POST https://localhost:7095/api/Account/SignUp application/json 117
2024-07-03 18:20:33.260 +04:00  INF  Executing endpoint 'App.Controllers.UI.AccountController.SignUp (App)'
2024-07-03 18:20:33.260 +04:00  INF  Route matched with {action = "SignUp", controller = "Account"}. Executing controller action with signature System.Threading.Tasks.Task`1[Microsoft.AspNetCore.Mvc.IActionResult] SignUp(Service.DTOs.Account.RegisterDto) on controller App.Controllers.UI.AccountController (App).
2024-07-03 18:20:34.131 +04:00  WRN  No store type was specified for the decimal property 'Salary' on entity type 'Teacher'. This will cause values to be silently truncated if they do not fit in the default precision and scale. Explicitly specify the SQL server column type that can accommodate all the values in 'OnModelCreating' using 'HasColumnType', specify precision and scale using 'HasPrecision', or configure a value converter using 'HasConversion'.
2024-07-03 18:20:34.271 +04:00  INF  Entity Framework Core 6.0.31 initialized 'AppDbContext' using provider 'Microsoft.EntityFrameworkCore.SqlServer:6.0.31' with options: None
2024-07-03 18:20:35.405 +04:00  INF  Executed DbCommand (63ms) [Parameters=[@__normalizedUserName_0='?' (Size = 256)], CommandType='"Text"', CommandTimeout='30']
SELECT TOP(1) [a].[Id], [a].[AccessFailedCount], [a].[ConcurrencyStamp], [a].[Email], [a].[EmailConfirmed], [a].[FullName], [a].[LockoutEnabled], [a].[LockoutEnd], [a].[NormalizedEmail], [a].[NormalizedUserName], [a].[PasswordHash], [a].[PhoneNumber], [a].[PhoneNumberConfirmed], [a].[SecurityStamp], [a].[TwoFactorEnabled], [a].[UserName]
FROM [AspNetUsers] AS [a]
WHERE [a].[NormalizedUserName] = @__normalizedUserName_0
2024-07-03 18:20:35.441 +04:00  INF  Executed DbCommand (5ms) [Parameters=[@__normalizedEmail_0='?' (Size = 256)], CommandType='"Text"', CommandTimeout='30']
SELECT TOP(2) [a].[Id], [a].[AccessFailedCount], [a].[ConcurrencyStamp], [a].[Email], [a].[EmailConfirmed], [a].[FullName], [a].[LockoutEnabled], [a].[LockoutEnd], [a].[NormalizedEmail], [a].[NormalizedUserName], [a].[PasswordHash], [a].[PhoneNumber], [a].[PhoneNumberConfirmed], [a].[SecurityStamp], [a].[TwoFactorEnabled], [a].[UserName]
FROM [AspNetUsers] AS [a]
WHERE [a].[NormalizedEmail] = @__normalizedEmail_0
2024-07-03 18:20:35.599 +04:00  INF  Executed DbCommand (11ms) [Parameters=[@p0='?' (Size = 450), @p1='?' (DbType = Int32), @p2='?' (Size = 4000), @p3='?' (Size = 256), @p4='?' (DbType = Boolean), @p5='?' (Size = 4000), @p6='?' (DbType = Boolean), @p7='?' (DbType = DateTimeOffset), @p8='?' (Size = 256), @p9='?' (Size = 256), @p10='?' (Size = 4000), @p11='?' (Size = 4000), @p12='?' (DbType = Boolean), @p13='?' (Size = 4000), @p14='?' (DbType = Boolean), @p15='?' (Size = 256)], CommandType='"Text"', CommandTimeout='30']
SET NOCOUNT ON;
INSERT INTO [AspNetUsers] ([Id], [AccessFailedCount], [ConcurrencyStamp], [Email], [EmailConfirmed], [FullName], [LockoutEnabled], [LockoutEnd], [NormalizedEmail], [NormalizedUserName], [PasswordHash], [PhoneNumber], [PhoneNumberConfirmed], [SecurityStamp], [TwoFactorEnabled], [UserName])
VALUES (@p0, @p1, @p2, @p3, @p4, @p5, @p6, @p7, @p8, @p9, @p10, @p11, @p12, @p13, @p14, @p15);
2024-07-03 18:20:35.616 +04:00  INF  Executing OkObjectResult, writing value of type 'Service.Helpers.Account.RegisterResponse'.
2024-07-03 18:20:35.617 +04:00  INF  Executed action App.Controllers.UI.AccountController.SignUp (App) in 2356.5331ms
2024-07-03 18:20:35.617 +04:00  INF  Executed endpoint 'App.Controllers.UI.AccountController.SignUp (App)'
2024-07-03 18:20:35.619 +04:00  INF  Request finished HTTP/2 POST https://localhost:7095/api/Account/SignUp application/json 117 - 200 - application/json;+charset=utf-8 2360.6664ms
2024-07-03 18:28:50.301 +04:00  INF  User profile is available. Using 'C:\Users\user\AppData\Local\ASP.NET\DataProtection-Keys' as key repository and Windows DPAPI to encrypt keys at rest.
2024-07-03 18:28:50.392 +04:00  INF  Now listening on: https://localhost:7095
2024-07-03 18:28:50.393 +04:00  INF  Now listening on: http://localhost:5035
2024-07-03 18:28:50.394 +04:00  INF  Application started. Press Ctrl+C to shut down.
2024-07-03 18:28:50.394 +04:00  INF  Hosting environment: Development
2024-07-03 18:28:50.394 +04:00  INF  Content root path: C:\Users\user\Desktop\Hometask\CourseAppTask\App\
2024-07-03 18:28:50.501 +04:00  INF  Request starting HTTP/2 GET https://localhost:7095/swagger/index.html - -
2024-07-03 18:28:50.622 +04:00  INF  Request finished HTTP/2 GET https://localhost:7095/swagger/index.html - - - 200 - text/html;charset=utf-8 122.7564ms
2024-07-03 18:28:50.632 +04:00  INF  Request starting HTTP/2 GET https://localhost:7095/_framework/aspnetcore-browser-refresh.js - -
2024-07-03 18:28:50.632 +04:00  INF  Request starting HTTP/2 GET https://localhost:7095/_vs/browserLink - -
2024-07-03 18:28:50.635 +04:00  INF  Request finished HTTP/2 GET https://localhost:7095/_framework/aspnetcore-browser-refresh.js - - - 200 11976 application/javascript;+charset=utf-8 2.5138ms
2024-07-03 18:28:50.655 +04:00  INF  Request finished HTTP/2 GET https://localhost:7095/_vs/browserLink - - - 200 - text/javascript;+charset=UTF-8 22.9961ms
2024-07-03 18:28:50.878 +04:00  INF  Request starting HTTP/2 GET https://localhost:7095/swagger/v1/swagger.json - -
2024-07-03 18:28:50.941 +04:00  INF  Request finished HTTP/2 GET https://localhost:7095/swagger/v1/swagger.json - - - 200 - application/json;charset=utf-8 63.3018ms
2024-07-03 18:32:18.959 +04:00  INF  User profile is available. Using 'C:\Users\user\AppData\Local\ASP.NET\DataProtection-Keys' as key repository and Windows DPAPI to encrypt keys at rest.
2024-07-03 18:32:19.043 +04:00  INF  Now listening on: https://localhost:7095
2024-07-03 18:32:19.043 +04:00  INF  Now listening on: http://localhost:5035
2024-07-03 18:32:19.045 +04:00  INF  Application started. Press Ctrl+C to shut down.
2024-07-03 18:32:19.045 +04:00  INF  Hosting environment: Development
2024-07-03 18:32:19.045 +04:00  INF  Content root path: C:\Users\user\Desktop\Hometask\CourseAppTask\App\
2024-07-03 18:32:19.145 +04:00  INF  Request starting HTTP/2 GET https://localhost:7095/swagger/index.html - -
2024-07-03 18:32:19.255 +04:00  INF  Request finished HTTP/2 GET https://localhost:7095/swagger/index.html - - - 200 - text/html;charset=utf-8 113.0944ms
2024-07-03 18:32:19.263 +04:00  INF  Request starting HTTP/2 GET https://localhost:7095/_vs/browserLink - -
2024-07-03 18:32:19.263 +04:00  INF  Request starting HTTP/2 GET https://localhost:7095/_framework/aspnetcore-browser-refresh.js - -
2024-07-03 18:32:19.264 +04:00  INF  Request finished HTTP/2 GET https://localhost:7095/_framework/aspnetcore-browser-refresh.js - - - 200 11976 application/javascript;+charset=utf-8 0.9357ms
2024-07-03 18:32:19.281 +04:00  INF  Request finished HTTP/2 GET https://localhost:7095/_vs/browserLink - - - 200 - text/javascript;+charset=UTF-8 18.7386ms
2024-07-03 18:32:19.436 +04:00  INF  Request starting HTTP/2 GET https://localhost:7095/swagger/v1/swagger.json - -
2024-07-03 18:32:19.493 +04:00  INF  Request finished HTTP/2 GET https://localhost:7095/swagger/v1/swagger.json - - - 200 - application/json;charset=utf-8 56.6346ms
2024-07-03 18:33:39.448 +04:00  INF  Request starting HTTP/2 POST https://localhost:7095/api/Account/SignUp application/json 119
2024-07-03 18:33:39.467 +04:00  INF  Executing endpoint 'App.Controllers.UI.AccountController.SignUp (App)'
2024-07-03 18:33:39.509 +04:00  INF  Route matched with {action = "SignUp", controller = "Account"}. Executing controller action with signature System.Threading.Tasks.Task`1[Microsoft.AspNetCore.Mvc.IActionResult] SignUp(Service.DTOs.Account.RegisterDto) on controller App.Controllers.UI.AccountController (App).
2024-07-03 18:33:40.544 +04:00  WRN  No store type was specified for the decimal property 'Salary' on entity type 'Teacher'. This will cause values to be silently truncated if they do not fit in the default precision and scale. Explicitly specify the SQL server column type that can accommodate all the values in 'OnModelCreating' using 'HasColumnType', specify precision and scale using 'HasPrecision', or configure a value converter using 'HasConversion'.
2024-07-03 18:33:40.716 +04:00  INF  Entity Framework Core 6.0.31 initialized 'AppDbContext' using provider 'Microsoft.EntityFrameworkCore.SqlServer:6.0.31' with options: None
2024-07-03 18:33:41.563 +04:00  INF  Executed DbCommand (80ms) [Parameters=[@__normalizedUserName_0='?' (Size = 256)], CommandType='"Text"', CommandTimeout='30']
SELECT TOP(1) [a].[Id], [a].[AccessFailedCount], [a].[ConcurrencyStamp], [a].[Email], [a].[EmailConfirmed], [a].[FullName], [a].[LockoutEnabled], [a].[LockoutEnd], [a].[NormalizedEmail], [a].[NormalizedUserName], [a].[PasswordHash], [a].[PhoneNumber], [a].[PhoneNumberConfirmed], [a].[SecurityStamp], [a].[TwoFactorEnabled], [a].[UserName]
FROM [AspNetUsers] AS [a]
WHERE [a].[NormalizedUserName] = @__normalizedUserName_0
2024-07-03 18:33:41.613 +04:00  INF  Executed DbCommand (8ms) [Parameters=[@__normalizedEmail_0='?' (Size = 256)], CommandType='"Text"', CommandTimeout='30']
SELECT TOP(2) [a].[Id], [a].[AccessFailedCount], [a].[ConcurrencyStamp], [a].[Email], [a].[EmailConfirmed], [a].[FullName], [a].[LockoutEnabled], [a].[LockoutEnd], [a].[NormalizedEmail], [a].[NormalizedUserName], [a].[PasswordHash], [a].[PhoneNumber], [a].[PhoneNumberConfirmed], [a].[SecurityStamp], [a].[TwoFactorEnabled], [a].[UserName]
FROM [AspNetUsers] AS [a]
WHERE [a].[NormalizedEmail] = @__normalizedEmail_0
2024-07-03 18:33:41.759 +04:00  INF  Executed DbCommand (3ms) [Parameters=[@p0='?' (Size = 450), @p1='?' (DbType = Int32), @p2='?' (Size = 4000), @p3='?' (Size = 256), @p4='?' (DbType = Boolean), @p5='?' (Size = 4000), @p6='?' (DbType = Boolean), @p7='?' (DbType = DateTimeOffset), @p8='?' (Size = 256), @p9='?' (Size = 256), @p10='?' (Size = 4000), @p11='?' (Size = 4000), @p12='?' (DbType = Boolean), @p13='?' (Size = 4000), @p14='?' (DbType = Boolean), @p15='?' (Size = 256)], CommandType='"Text"', CommandTimeout='30']
SET NOCOUNT ON;
INSERT INTO [AspNetUsers] ([Id], [AccessFailedCount], [ConcurrencyStamp], [Email], [EmailConfirmed], [FullName], [LockoutEnabled], [LockoutEnd], [NormalizedEmail], [NormalizedUserName], [PasswordHash], [PhoneNumber], [PhoneNumberConfirmed], [SecurityStamp], [TwoFactorEnabled], [UserName])
VALUES (@p0, @p1, @p2, @p3, @p4, @p5, @p6, @p7, @p8, @p9, @p10, @p11, @p12, @p13, @p14, @p15);
2024-07-03 18:33:41.777 +04:00  INF  Executing OkObjectResult, writing value of type 'Service.Helpers.Account.RegisterResponse'.
2024-07-03 18:33:41.783 +04:00  INF  Executed action App.Controllers.UI.AccountController.SignUp (App) in 2270.1851ms
2024-07-03 18:33:41.783 +04:00  INF  Executed endpoint 'App.Controllers.UI.AccountController.SignUp (App)'
2024-07-03 18:33:41.787 +04:00  INF  Request finished HTTP/2 POST https://localhost:7095/api/Account/SignUp application/json 119 - 200 - application/json;+charset=utf-8 2338.5361ms
2024-07-03 18:34:18.699 +04:00  INF  Request starting HTTP/2 POST https://localhost:7095/api/Account/SignUp application/json 119
2024-07-03 18:34:18.700 +04:00  INF  Executing endpoint 'App.Controllers.UI.AccountController.SignUp (App)'
2024-07-03 18:34:18.701 +04:00  INF  Route matched with {action = "SignUp", controller = "Account"}. Executing controller action with signature System.Threading.Tasks.Task`1[Microsoft.AspNetCore.Mvc.IActionResult] SignUp(Service.DTOs.Account.RegisterDto) on controller App.Controllers.UI.AccountController (App).
2024-07-03 18:34:18.776 +04:00  INF  Entity Framework Core 6.0.31 initialized 'AppDbContext' using provider 'Microsoft.EntityFrameworkCore.SqlServer:6.0.31' with options: None
2024-07-03 18:34:18.786 +04:00  INF  Executed DbCommand (6ms) [Parameters=[@__normalizedUserName_0='?' (Size = 256)], CommandType='"Text"', CommandTimeout='30']
SELECT TOP(1) [a].[Id], [a].[AccessFailedCount], [a].[ConcurrencyStamp], [a].[Email], [a].[EmailConfirmed], [a].[FullName], [a].[LockoutEnabled], [a].[LockoutEnd], [a].[NormalizedEmail], [a].[NormalizedUserName], [a].[PasswordHash], [a].[PhoneNumber], [a].[PhoneNumberConfirmed], [a].[SecurityStamp], [a].[TwoFactorEnabled], [a].[UserName]
FROM [AspNetUsers] AS [a]
WHERE [a].[NormalizedUserName] = @__normalizedUserName_0
2024-07-03 18:34:18.791 +04:00  INF  Executed DbCommand (3ms) [Parameters=[@__normalizedEmail_0='?' (Size = 256)], CommandType='"Text"', CommandTimeout='30']
SELECT TOP(2) [a].[Id], [a].[AccessFailedCount], [a].[ConcurrencyStamp], [a].[Email], [a].[EmailConfirmed], [a].[FullName], [a].[LockoutEnabled], [a].[LockoutEnd], [a].[NormalizedEmail], [a].[NormalizedUserName], [a].[PasswordHash], [a].[PhoneNumber], [a].[PhoneNumberConfirmed], [a].[SecurityStamp], [a].[TwoFactorEnabled], [a].[UserName]
FROM [AspNetUsers] AS [a]
WHERE [a].[NormalizedEmail] = @__normalizedEmail_0
2024-07-03 18:34:18.797 +04:00  INF  Executed DbCommand (4ms) [Parameters=[@p0='?' (Size = 450), @p1='?' (DbType = Int32), @p2='?' (Size = 4000), @p3='?' (Size = 256), @p4='?' (DbType = Boolean), @p5='?' (Size = 4000), @p6='?' (DbType = Boolean), @p7='?' (DbType = DateTimeOffset), @p8='?' (Size = 256), @p9='?' (Size = 256), @p10='?' (Size = 4000), @p11='?' (Size = 4000), @p12='?' (DbType = Boolean), @p13='?' (Size = 4000), @p14='?' (DbType = Boolean), @p15='?' (Size = 256)], CommandType='"Text"', CommandTimeout='30']
SET NOCOUNT ON;
INSERT INTO [AspNetUsers] ([Id], [AccessFailedCount], [ConcurrencyStamp], [Email], [EmailConfirmed], [FullName], [LockoutEnabled], [LockoutEnd], [NormalizedEmail], [NormalizedUserName], [PasswordHash], [PhoneNumber], [PhoneNumberConfirmed], [SecurityStamp], [TwoFactorEnabled], [UserName])
VALUES (@p0, @p1, @p2, @p3, @p4, @p5, @p6, @p7, @p8, @p9, @p10, @p11, @p12, @p13, @p14, @p15);
2024-07-03 18:34:18.799 +04:00  INF  Executing OkObjectResult, writing value of type 'Service.Helpers.Account.RegisterResponse'.
2024-07-03 18:34:18.800 +04:00  INF  Executed action App.Controllers.UI.AccountController.SignUp (App) in 99.2139ms
2024-07-03 18:34:18.800 +04:00  INF  Executed endpoint 'App.Controllers.UI.AccountController.SignUp (App)'
2024-07-03 18:34:18.800 +04:00  INF  Request finished HTTP/2 POST https://localhost:7095/api/Account/SignUp application/json 119 - 200 - application/json;+charset=utf-8 101.7274ms
2024-07-03 19:42:07.261 +04:00  INF  User profile is available. Using 'C:\Users\user\AppData\Local\ASP.NET\DataProtection-Keys' as key repository and Windows DPAPI to encrypt keys at rest.
2024-07-03 19:42:07.353 +04:00  INF  Now listening on: https://localhost:7095
2024-07-03 19:42:07.353 +04:00  INF  Now listening on: http://localhost:5035
2024-07-03 19:42:07.357 +04:00  INF  Application started. Press Ctrl+C to shut down.
2024-07-03 19:42:07.357 +04:00  INF  Hosting environment: Development
2024-07-03 19:42:07.357 +04:00  INF  Content root path: C:\Users\user\Desktop\Hometask\CourseAppTask\App\
2024-07-03 19:42:07.477 +04:00  INF  Request starting HTTP/2 GET https://localhost:7095/swagger/index.html - -
2024-07-03 19:42:07.604 +04:00  INF  Request finished HTTP/2 GET https://localhost:7095/swagger/index.html - - - 200 - text/html;charset=utf-8 128.4622ms
2024-07-03 19:42:07.612 +04:00  INF  Request starting HTTP/2 GET https://localhost:7095/_framework/aspnetcore-browser-refresh.js - -
2024-07-03 19:42:07.612 +04:00  INF  Request starting HTTP/2 GET https://localhost:7095/_vs/browserLink - -
2024-07-03 19:42:07.613 +04:00  INF  Request finished HTTP/2 GET https://localhost:7095/_framework/aspnetcore-browser-refresh.js - - - 200 11976 application/javascript;+charset=utf-8 1.0199ms
2024-07-03 19:42:07.635 +04:00  INF  Request finished HTTP/2 GET https://localhost:7095/_vs/browserLink - - - 200 - text/javascript;+charset=UTF-8 23.4273ms
2024-07-03 19:42:07.945 +04:00  INF  Request starting HTTP/2 GET https://localhost:7095/swagger/v1/swagger.json - -
2024-07-03 19:42:08.020 +04:00  INF  Request finished HTTP/2 GET https://localhost:7095/swagger/v1/swagger.json - - - 200 - application/json;charset=utf-8 74.6408ms
2024-07-03 19:42:12.154 +04:00  INF  Request starting HTTP/2 GET https://localhost:7095/api/Account/GetAllUsers - -
2024-07-03 19:42:12.169 +04:00  INF  Executing endpoint 'App.Controllers.UI.AccountController.GetAllUsers (App)'
2024-07-03 19:42:12.179 +04:00  INF  Route matched with {action = "GetAllUsers", controller = "Account"}. Executing controller action with signature System.Threading.Tasks.Task`1[Microsoft.AspNetCore.Mvc.IActionResult] GetAllUsers() on controller App.Controllers.UI.AccountController (App).
2024-07-03 19:42:12.731 +04:00  WRN  No store type was specified for the decimal property 'Salary' on entity type 'Teacher'. This will cause values to be silently truncated if they do not fit in the default precision and scale. Explicitly specify the SQL server column type that can accommodate all the values in 'OnModelCreating' using 'HasColumnType', specify precision and scale using 'HasPrecision', or configure a value converter using 'HasConversion'.
2024-07-03 19:42:12.828 +04:00  INF  Entity Framework Core 6.0.31 initialized 'AppDbContext' using provider 'Microsoft.EntityFrameworkCore.SqlServer:6.0.31' with options: None
2024-07-03 19:42:13.180 +04:00  INF  Executed DbCommand (28ms) [Parameters=[], CommandType='"Text"', CommandTimeout='30']
SELECT [a].[Id], [a].[AccessFailedCount], [a].[ConcurrencyStamp], [a].[Email], [a].[EmailConfirmed], [a].[FullName], [a].[LockoutEnabled], [a].[LockoutEnd], [a].[NormalizedEmail], [a].[NormalizedUserName], [a].[PasswordHash], [a].[PhoneNumber], [a].[PhoneNumberConfirmed], [a].[SecurityStamp], [a].[TwoFactorEnabled], [a].[UserName]
FROM [AspNetUsers] AS [a]
2024-07-03 19:42:13.252 +04:00  INF  Executing OkObjectResult, writing value of type 'System.Collections.Generic.List`1[[Service.DTOs.Account.UserDto, Service, Version=1.0.0.0, Culture=neutral, PublicKeyToken=null]]'.
2024-07-03 19:42:13.257 +04:00  INF  Executed action App.Controllers.UI.AccountController.GetAllUsers (App) in 1075.4025ms
2024-07-03 19:42:13.258 +04:00  INF  Executed endpoint 'App.Controllers.UI.AccountController.GetAllUsers (App)'
2024-07-03 19:42:13.261 +04:00  INF  Request finished HTTP/2 GET https://localhost:7095/api/Account/GetAllUsers - - - 200 - application/json;+charset=utf-8 1106.8111ms
2024-07-03 20:06:16.902 +04:00  INF  User profile is available. Using 'C:\Users\user\AppData\Local\ASP.NET\DataProtection-Keys' as key repository and Windows DPAPI to encrypt keys at rest.
2024-07-03 20:06:17.002 +04:00  INF  Now listening on: https://localhost:7095
2024-07-03 20:06:17.002 +04:00  INF  Now listening on: http://localhost:5035
2024-07-03 20:06:17.004 +04:00  INF  Application started. Press Ctrl+C to shut down.
2024-07-03 20:06:17.004 +04:00  INF  Hosting environment: Development
2024-07-03 20:06:17.004 +04:00  INF  Content root path: C:\Users\user\Desktop\Hometask\CourseAppTask\App\
2024-07-03 20:06:20.461 +04:00  INF  Request starting HTTP/2 GET https://localhost:7095/swagger/index.html - -
2024-07-03 20:06:20.608 +04:00  INF  Request finished HTTP/2 GET https://localhost:7095/swagger/index.html - - - 200 - text/html;charset=utf-8 148.9277ms
2024-07-03 20:06:20.623 +04:00  INF  Request starting HTTP/2 GET https://localhost:7095/_vs/browserLink - -
2024-07-03 20:06:20.623 +04:00  INF  Request starting HTTP/2 GET https://localhost:7095/_framework/aspnetcore-browser-refresh.js - -
2024-07-03 20:06:20.624 +04:00  INF  Request finished HTTP/2 GET https://localhost:7095/_framework/aspnetcore-browser-refresh.js - - - 200 11976 application/javascript;+charset=utf-8 1.5709ms
2024-07-03 20:06:20.647 +04:00  INF  Request finished HTTP/2 GET https://localhost:7095/_vs/browserLink - - - 200 - text/javascript;+charset=UTF-8 24.6464ms
2024-07-03 20:06:20.811 +04:00  INF  Request starting HTTP/2 GET https://localhost:7095/swagger/v1/swagger.json - -
2024-07-03 20:06:20.890 +04:00  INF  Request finished HTTP/2 GET https://localhost:7095/swagger/v1/swagger.json - - - 200 - application/json;charset=utf-8 78.2313ms
2024-07-03 20:06:30.753 +04:00  INF  Request starting HTTP/2 GET https://localhost:7095/api/Account/GetUserByUSerName?userName=Bahruz - -
2024-07-03 20:06:30.764 +04:00  INF  Executing endpoint 'App.Controllers.UI.AccountController.GetUserByUSerName (App)'
2024-07-03 20:06:30.780 +04:00  INF  Route matched with {action = "GetUserByUSerName", controller = "Account"}. Executing controller action with signature System.Threading.Tasks.Task`1[Microsoft.AspNetCore.Mvc.IActionResult] GetUserByUSerName(System.String) on controller App.Controllers.UI.AccountController (App).
2024-07-03 20:06:31.307 +04:00  WRN  No store type was specified for the decimal property 'Salary' on entity type 'Teacher'. This will cause values to be silently truncated if they do not fit in the default precision and scale. Explicitly specify the SQL server column type that can accommodate all the values in 'OnModelCreating' using 'HasColumnType', specify precision and scale using 'HasPrecision', or configure a value converter using 'HasConversion'.
2024-07-03 20:06:31.396 +04:00  INF  Entity Framework Core 6.0.31 initialized 'AppDbContext' using provider 'Microsoft.EntityFrameworkCore.SqlServer:6.0.31' with options: None
2024-07-03 20:06:31.798 +04:00  INF  Executed DbCommand (36ms) [Parameters=[@__normalizedUserName_0='?' (Size = 256)], CommandType='"Text"', CommandTimeout='30']
SELECT TOP(1) [a].[Id], [a].[AccessFailedCount], [a].[ConcurrencyStamp], [a].[Email], [a].[EmailConfirmed], [a].[FullName], [a].[LockoutEnabled], [a].[LockoutEnd], [a].[NormalizedEmail], [a].[NormalizedUserName], [a].[PasswordHash], [a].[PhoneNumber], [a].[PhoneNumberConfirmed], [a].[SecurityStamp], [a].[TwoFactorEnabled], [a].[UserName]
FROM [AspNetUsers] AS [a]
WHERE [a].[NormalizedUserName] = @__normalizedUserName_0
2024-07-03 20:06:31.816 +04:00  INF  Executed action App.Controllers.UI.AccountController.GetUserByUSerName (App) in 1032.1776ms
2024-07-03 20:06:31.817 +04:00  INF  Executed endpoint 'App.Controllers.UI.AccountController.GetUserByUSerName (App)'
2024-07-03 20:06:31.818 +04:00  ERR  User not exist
2024-07-03 20:06:31.821 +04:00  INF  Request finished HTTP/2 GET https://localhost:7095/api/Account/GetUserByUSerName?userName=Bahruz - - - 404 - application/json 1068.0398ms
2024-07-03 20:06:46.886 +04:00  INF  Request starting HTTP/2 GET https://localhost:7095/api/Account/GetUserByUSerName?userName=Bahruz007 - -
2024-07-03 20:06:46.887 +04:00  INF  Executing endpoint 'App.Controllers.UI.AccountController.GetUserByUSerName (App)'
2024-07-03 20:06:46.887 +04:00  INF  Route matched with {action = "GetUserByUSerName", controller = "Account"}. Executing controller action with signature System.Threading.Tasks.Task`1[Microsoft.AspNetCore.Mvc.IActionResult] GetUserByUSerName(System.String) on controller App.Controllers.UI.AccountController (App).
2024-07-03 20:06:46.916 +04:00  INF  Entity Framework Core 6.0.31 initialized 'AppDbContext' using provider 'Microsoft.EntityFrameworkCore.SqlServer:6.0.31' with options: None
2024-07-03 20:06:46.927 +04:00  INF  Executed DbCommand (9ms) [Parameters=[@__normalizedUserName_0='?' (Size = 256)], CommandType='"Text"', CommandTimeout='30']
SELECT TOP(1) [a].[Id], [a].[AccessFailedCount], [a].[ConcurrencyStamp], [a].[Email], [a].[EmailConfirmed], [a].[FullName], [a].[LockoutEnabled], [a].[LockoutEnd], [a].[NormalizedEmail], [a].[NormalizedUserName], [a].[PasswordHash], [a].[PhoneNumber], [a].[PhoneNumberConfirmed], [a].[SecurityStamp], [a].[TwoFactorEnabled], [a].[UserName]
FROM [AspNetUsers] AS [a]
WHERE [a].[NormalizedUserName] = @__normalizedUserName_0
2024-07-03 20:06:46.972 +04:00  INF  Executing OkObjectResult, writing value of type 'Service.DTOs.Account.UserDto'.
2024-07-03 20:06:46.973 +04:00  INF  Executed action App.Controllers.UI.AccountController.GetUserByUSerName (App) in 85.647ms
2024-07-03 20:06:46.973 +04:00  INF  Executed endpoint 'App.Controllers.UI.AccountController.GetUserByUSerName (App)'
2024-07-03 20:06:46.973 +04:00  INF  Request finished HTTP/2 GET https://localhost:7095/api/Account/GetUserByUSerName?userName=Bahruz007 - - - 200 - application/json;+charset=utf-8 87.4290ms
2024-07-03 20:07:17.454 +04:00  INF  Request starting HTTP/2 GET https://localhost:7095/api/Account/GetUserByUSerName?userName=Bahruz00 - -
2024-07-03 20:07:17.456 +04:00  INF  Executing endpoint 'App.Controllers.UI.AccountController.GetUserByUSerName (App)'
2024-07-03 20:07:17.457 +04:00  INF  Route matched with {action = "GetUserByUSerName", controller = "Account"}. Executing controller action with signature System.Threading.Tasks.Task`1[Microsoft.AspNetCore.Mvc.IActionResult] GetUserByUSerName(System.String) on controller App.Controllers.UI.AccountController (App).
2024-07-03 20:07:17.474 +04:00  INF  Entity Framework Core 6.0.31 initialized 'AppDbContext' using provider 'Microsoft.EntityFrameworkCore.SqlServer:6.0.31' with options: None
2024-07-03 20:07:17.475 +04:00  INF  Executed DbCommand (1ms) [Parameters=[@__normalizedUserName_0='?' (Size = 256)], CommandType='"Text"', CommandTimeout='30']
SELECT TOP(1) [a].[Id], [a].[AccessFailedCount], [a].[ConcurrencyStamp], [a].[Email], [a].[EmailConfirmed], [a].[FullName], [a].[LockoutEnabled], [a].[LockoutEnd], [a].[NormalizedEmail], [a].[NormalizedUserName], [a].[PasswordHash], [a].[PhoneNumber], [a].[PhoneNumberConfirmed], [a].[SecurityStamp], [a].[TwoFactorEnabled], [a].[UserName]
FROM [AspNetUsers] AS [a]
WHERE [a].[NormalizedUserName] = @__normalizedUserName_0
2024-07-03 20:07:17.476 +04:00  INF  Executed action App.Controllers.UI.AccountController.GetUserByUSerName (App) in 19.0565ms
2024-07-03 20:07:17.476 +04:00  INF  Executed endpoint 'App.Controllers.UI.AccountController.GetUserByUSerName (App)'
2024-07-03 20:07:17.476 +04:00  ERR  User not exist
2024-07-03 20:07:17.476 +04:00  INF  Request finished HTTP/2 GET https://localhost:7095/api/Account/GetUserByUSerName?userName=Bahruz00 - - - 404 - application/json 21.6486ms
