2024-07-05 14:56:36.870 +04:00  INF  User profile is available. Using 'C:\Users\user\AppData\Local\ASP.NET\DataProtection-Keys' as key repository and Windows DPAPI to encrypt keys at rest.
2024-07-05 14:56:37.569 +04:00  INF  Now listening on: https://localhost:7095
2024-07-05 14:56:37.569 +04:00  INF  Now listening on: http://localhost:5035
2024-07-05 14:56:37.571 +04:00  INF  Application started. Press Ctrl+C to shut down.
2024-07-05 14:56:37.571 +04:00  INF  Hosting environment: Development
2024-07-05 14:56:37.571 +04:00  INF  Content root path: C:\Users\user\Desktop\Login_HomeTask\CourseAppTask\App\
2024-07-05 14:56:38.280 +04:00  INF  Request starting HTTP/2 GET https://localhost:7095/swagger/index.html - -
2024-07-05 14:56:38.654 +04:00  INF  Request finished HTTP/2 GET https://localhost:7095/swagger/index.html - - - 200 - text/html;charset=utf-8 379.5455ms
2024-07-05 14:56:38.716 +04:00  INF  Request starting HTTP/2 GET https://localhost:7095/_framework/aspnetcore-browser-refresh.js - -
2024-07-05 14:56:38.718 +04:00  INF  Request starting HTTP/2 GET https://localhost:7095/_vs/browserLink - -
2024-07-05 14:56:38.741 +04:00  INF  Request finished HTTP/2 GET https://localhost:7095/_framework/aspnetcore-browser-refresh.js - - - 200 11976 application/javascript;+charset=utf-8 25.0823ms
2024-07-05 14:56:38.813 +04:00  INF  Request finished HTTP/2 GET https://localhost:7095/_vs/browserLink - - - 200 - text/javascript;+charset=UTF-8 95.7170ms
2024-07-05 14:56:38.848 +04:00  INF  Request starting HTTP/2 GET https://localhost:7095/swagger/v1/swagger.json - -
2024-07-05 14:56:38.964 +04:00  INF  Request finished HTTP/2 GET https://localhost:7095/swagger/v1/swagger.json - - - 200 - application/json;charset=utf-8 115.6443ms
2024-07-05 14:57:15.589 +04:00  INF  Request starting HTTP/2 POST https://localhost:7095/api/admin/Author/Create application/json 67
2024-07-05 14:57:15.609 +04:00  INF  Executing endpoint 'App.Controllers.Admin.AuthorController.Create (App)'
2024-07-05 14:57:15.649 +04:00  INF  Route matched with {action = "Create", controller = "Author"}. Executing controller action with signature System.Threading.Tasks.Task`1[Microsoft.AspNetCore.Mvc.IActionResult] Create(Service.DTOs.Admin.Authors.AuthorCreateDto) on controller App.Controllers.Admin.AuthorController (App).
2024-07-05 14:57:18.207 +04:00  INF  Entity Framework Core 6.0.31 initialized 'AppDbContext' using provider 'Microsoft.EntityFrameworkCore.SqlServer:6.0.31' with options: None
2024-07-05 14:57:19.789 +04:00  INF  Executed DbCommand (75ms) [Parameters=[@__name_0='?' (Size = 50)], CommandType='"Text"', CommandTimeout='30']
SELECT CASE
    WHEN EXISTS (
        SELECT 1
        FROM [Books] AS [b]
        WHERE [b].[Name] = @__name_0) THEN CAST(1 AS bit)
    ELSE CAST(0 AS bit)
END
2024-07-05 14:57:20.107 +04:00  INF  Executed DbCommand (50ms) [Parameters=[@p0='?' (DbType = Int32), @p1='?' (Size = 40), @p2='?' (DbType = DateTime2), @p3='?' (Size = 50), @p4='?' (DbType = Boolean)], CommandType='"Text"', CommandTimeout='30']
SET NOCOUNT ON;
INSERT INTO [Authors] ([Age], [Country], [CreatedDate], [FullName], [SoftDelete])
VALUES (@p0, @p1, @p2, @p3, @p4);
SELECT [Id]
FROM [Authors]
WHERE @@ROWCOUNT = 1 AND [Id] = scope_identity();
2024-07-05 14:57:20.208 +04:00  INF  Executing CreatedAtActionResult, writing value of type '<>f__AnonymousType0`1[[System.String, System.Private.CoreLib, Version=6.0.0.0, Culture=neutral, PublicKeyToken=7cec85d7bea7798e]]'.
2024-07-05 14:57:20.249 +04:00  INF  Executed action App.Controllers.Admin.AuthorController.Create (App) in 4592.9683ms
2024-07-05 14:57:20.249 +04:00  INF  Executed endpoint 'App.Controllers.Admin.AuthorController.Create (App)'
2024-07-05 14:57:20.259 +04:00  INF  Request finished HTTP/2 POST https://localhost:7095/api/admin/Author/Create application/json 67 - 201 - application/json;+charset=utf-8 4670.2187ms
2024-07-05 14:57:33.289 +04:00  INF  Request starting HTTP/2 POST https://localhost:7095/api/admin/Author/Create application/json 68
2024-07-05 14:57:33.299 +04:00  INF  Executing endpoint 'App.Controllers.Admin.AuthorController.Create (App)'
2024-07-05 14:57:33.300 +04:00  INF  Route matched with {action = "Create", controller = "Author"}. Executing controller action with signature System.Threading.Tasks.Task`1[Microsoft.AspNetCore.Mvc.IActionResult] Create(Service.DTOs.Admin.Authors.AuthorCreateDto) on controller App.Controllers.Admin.AuthorController (App).
2024-07-05 14:57:33.359 +04:00  INF  Entity Framework Core 6.0.31 initialized 'AppDbContext' using provider 'Microsoft.EntityFrameworkCore.SqlServer:6.0.31' with options: None
2024-07-05 14:57:33.375 +04:00  INF  Executed DbCommand (11ms) [Parameters=[@__name_0='?' (Size = 50)], CommandType='"Text"', CommandTimeout='30']
SELECT CASE
    WHEN EXISTS (
        SELECT 1
        FROM [Books] AS [b]
        WHERE [b].[Name] = @__name_0) THEN CAST(1 AS bit)
    ELSE CAST(0 AS bit)
END
2024-07-05 14:57:33.381 +04:00  INF  Executed DbCommand (3ms) [Parameters=[@p0='?' (DbType = Int32), @p1='?' (Size = 40), @p2='?' (DbType = DateTime2), @p3='?' (Size = 50), @p4='?' (DbType = Boolean)], CommandType='"Text"', CommandTimeout='30']
SET NOCOUNT ON;
INSERT INTO [Authors] ([Age], [Country], [CreatedDate], [FullName], [SoftDelete])
VALUES (@p0, @p1, @p2, @p3, @p4);
SELECT [Id]
FROM [Authors]
WHERE @@ROWCOUNT = 1 AND [Id] = scope_identity();
2024-07-05 14:57:33.383 +04:00  INF  Executing CreatedAtActionResult, writing value of type '<>f__AnonymousType0`1[[System.String, System.Private.CoreLib, Version=6.0.0.0, Culture=neutral, PublicKeyToken=7cec85d7bea7798e]]'.
2024-07-05 14:57:33.384 +04:00  INF  Executed action App.Controllers.Admin.AuthorController.Create (App) in 83.9226ms
2024-07-05 14:57:33.384 +04:00  INF  Executed endpoint 'App.Controllers.Admin.AuthorController.Create (App)'
2024-07-05 14:57:33.384 +04:00  INF  Request finished HTTP/2 POST https://localhost:7095/api/admin/Author/Create application/json 68 - 201 - application/json;+charset=utf-8 95.3055ms
2024-07-05 14:57:40.069 +04:00  INF  Request starting HTTP/2 GET https://localhost:7095/api/admin/Author/GetAll - -
2024-07-05 14:57:40.072 +04:00  INF  Executing endpoint 'App.Controllers.Admin.AuthorController.GetAll (App)'
2024-07-05 14:57:40.076 +04:00  INF  Route matched with {action = "GetAll", controller = "Author"}. Executing controller action with signature System.Threading.Tasks.Task`1[Microsoft.AspNetCore.Mvc.IActionResult] GetAll() on controller App.Controllers.Admin.AuthorController (App).
2024-07-05 14:57:40.091 +04:00  INF  Entity Framework Core 6.0.31 initialized 'AppDbContext' using provider 'Microsoft.EntityFrameworkCore.SqlServer:6.0.31' with options: None
2024-07-05 14:57:40.159 +04:00  INF  Executed DbCommand (5ms) [Parameters=[], CommandType='"Text"', CommandTimeout='30']
SELECT [a].[Id], [a].[Age], [a].[Country], [a].[CreatedDate], [a].[FullName], [a].[SoftDelete]
FROM [Authors] AS [a]
2024-07-05 14:57:40.175 +04:00  INF  Executing OkObjectResult, writing value of type 'System.Collections.Generic.List`1[[Service.DTOs.Admin.Authors.AuthorDto, Service, Version=1.0.0.0, Culture=neutral, PublicKeyToken=null]]'.
2024-07-05 14:57:40.178 +04:00  INF  Executed action App.Controllers.Admin.AuthorController.GetAll (App) in 101.3607ms
2024-07-05 14:57:40.178 +04:00  INF  Executed endpoint 'App.Controllers.Admin.AuthorController.GetAll (App)'
2024-07-05 14:57:40.178 +04:00  INF  Request finished HTTP/2 GET https://localhost:7095/api/admin/Author/GetAll - - - 200 - application/json;+charset=utf-8 108.5160ms
2024-07-05 14:58:01.688 +04:00  INF  Request starting HTTP/2 GET https://localhost:7095/api/admin/Author/GetById/4 - -
2024-07-05 14:58:01.688 +04:00  INF  Executing endpoint 'App.Controllers.Admin.AuthorController.GetById (App)'
2024-07-05 14:58:01.692 +04:00  INF  Route matched with {action = "GetById", controller = "Author"}. Executing controller action with signature System.Threading.Tasks.Task`1[Microsoft.AspNetCore.Mvc.IActionResult] GetById(Int32) on controller App.Controllers.Admin.AuthorController (App).
2024-07-05 14:58:01.693 +04:00  INF  Entity Framework Core 6.0.31 initialized 'AppDbContext' using provider 'Microsoft.EntityFrameworkCore.SqlServer:6.0.31' with options: None
2024-07-05 14:58:01.717 +04:00  INF  Executed DbCommand (6ms) [Parameters=[@__id_0='?' (DbType = Int32)], CommandType='"Text"', CommandTimeout='30']
SELECT TOP(1) [a].[Id], [a].[Age], [a].[Country], [a].[CreatedDate], [a].[FullName], [a].[SoftDelete]
FROM [Authors] AS [a]
WHERE [a].[Id] = @__id_0
2024-07-05 14:58:01.721 +04:00  INF  Executed action App.Controllers.Admin.AuthorController.GetById (App) in 28.8719ms
2024-07-05 14:58:01.722 +04:00  INF  Executed endpoint 'App.Controllers.Admin.AuthorController.GetById (App)'
2024-07-05 14:58:01.723 +04:00  ERR  Data was not found
2024-07-05 14:58:01.725 +04:00  INF  Request finished HTTP/2 GET https://localhost:7095/api/admin/Author/GetById/4 - - - 404 - application/json 36.9917ms
2024-07-05 14:58:12.201 +04:00  INF  Request starting HTTP/2 GET https://localhost:7095/api/admin/Author/GetById/1 - -
2024-07-05 14:58:12.201 +04:00  INF  Executing endpoint 'App.Controllers.Admin.AuthorController.GetById (App)'
2024-07-05 14:58:12.201 +04:00  INF  Route matched with {action = "GetById", controller = "Author"}. Executing controller action with signature System.Threading.Tasks.Task`1[Microsoft.AspNetCore.Mvc.IActionResult] GetById(Int32) on controller App.Controllers.Admin.AuthorController (App).
2024-07-05 14:58:12.201 +04:00  INF  Entity Framework Core 6.0.31 initialized 'AppDbContext' using provider 'Microsoft.EntityFrameworkCore.SqlServer:6.0.31' with options: None
2024-07-05 14:58:12.203 +04:00  INF  Executed DbCommand (1ms) [Parameters=[@__id_0='?' (DbType = Int32)], CommandType='"Text"', CommandTimeout='30']
SELECT TOP(1) [a].[Id], [a].[Age], [a].[Country], [a].[CreatedDate], [a].[FullName], [a].[SoftDelete]
FROM [Authors] AS [a]
WHERE [a].[Id] = @__id_0
2024-07-05 14:58:12.204 +04:00  INF  Executing OkObjectResult, writing value of type 'Service.DTOs.Admin.Authors.AuthorDto'.
2024-07-05 14:58:12.204 +04:00  INF  Executed action App.Controllers.Admin.AuthorController.GetById (App) in 3.5683ms
2024-07-05 14:58:12.205 +04:00  INF  Executed endpoint 'App.Controllers.Admin.AuthorController.GetById (App)'
2024-07-05 14:58:12.205 +04:00  INF  Request finished HTTP/2 GET https://localhost:7095/api/admin/Author/GetById/1 - - - 200 - application/json;+charset=utf-8 4.1714ms
2024-07-05 14:58:39.695 +04:00  INF  Request starting HTTP/2 PUT https://localhost:7095/api/admin/Author/Edit/2 application/json 66
2024-07-05 14:58:39.695 +04:00  INF  Executing endpoint 'App.Controllers.Admin.AuthorController.Edit (App)'
2024-07-05 14:58:39.698 +04:00  INF  Route matched with {action = "Edit", controller = "Author"}. Executing controller action with signature System.Threading.Tasks.Task`1[Microsoft.AspNetCore.Mvc.IActionResult] Edit(Int32, Service.DTOs.Admin.Authors.AuthorEditDto) on controller App.Controllers.Admin.AuthorController (App).
2024-07-05 14:58:39.699 +04:00  INF  Entity Framework Core 6.0.31 initialized 'AppDbContext' using provider 'Microsoft.EntityFrameworkCore.SqlServer:6.0.31' with options: None
2024-07-05 14:58:39.721 +04:00  INF  Executed DbCommand (10ms) [Parameters=[@__id_0='?' (DbType = Int32)], CommandType='"Text"', CommandTimeout='30']
SELECT TOP(1) [a].[Id], [a].[Age], [a].[Country], [a].[CreatedDate], [a].[FullName], [a].[SoftDelete]
FROM [Authors] AS [a]
WHERE [a].[Id] = @__id_0
2024-07-05 14:58:39.743 +04:00  INF  Executed DbCommand (7ms) [Parameters=[@p5='?' (DbType = Int32), @p0='?' (DbType = Int32), @p1='?' (Size = 40), @p2='?' (DbType = DateTime2), @p3='?' (Size = 50), @p4='?' (DbType = Boolean)], CommandType='"Text"', CommandTimeout='30']
SET NOCOUNT ON;
UPDATE [Authors] SET [Age] = @p0, [Country] = @p1, [CreatedDate] = @p2, [FullName] = @p3, [SoftDelete] = @p4
WHERE [Id] = @p5;
SELECT @@ROWCOUNT;
2024-07-05 14:58:39.755 +04:00  INF  Executing StatusCodeResult, setting HTTP status code 200
2024-07-05 14:58:39.755 +04:00  INF  Executed action App.Controllers.Admin.AuthorController.Edit (App) in 56.8688ms
2024-07-05 14:58:39.755 +04:00  INF  Executed endpoint 'App.Controllers.Admin.AuthorController.Edit (App)'
2024-07-05 14:58:39.755 +04:00  INF  Request finished HTTP/2 PUT https://localhost:7095/api/admin/Author/Edit/2 application/json 66 - 200 0 - 60.4907ms
2024-07-05 14:58:48.933 +04:00  INF  Request starting HTTP/2 GET https://localhost:7095/api/admin/Author/SearchByName?name=b - -
2024-07-05 14:58:48.933 +04:00  INF  Executing endpoint 'App.Controllers.Admin.AuthorController.SearchByName (App)'
2024-07-05 14:58:48.941 +04:00  INF  Route matched with {action = "SearchByName", controller = "Author"}. Executing controller action with signature System.Threading.Tasks.Task`1[Microsoft.AspNetCore.Mvc.IActionResult] SearchByName(System.String) on controller App.Controllers.Admin.AuthorController (App).
2024-07-05 14:58:48.941 +04:00  INF  Entity Framework Core 6.0.31 initialized 'AppDbContext' using provider 'Microsoft.EntityFrameworkCore.SqlServer:6.0.31' with options: None
2024-07-05 14:58:49.027 +04:00  INF  Executed DbCommand (4ms) [Parameters=[@__fullName_0='?' (Size = 50)], CommandType='"Text"', CommandTimeout='30']
SELECT [a].[Id], [a].[Age], [a].[Country], [a].[CreatedDate], [a].[FullName], [a].[SoftDelete]
FROM [Authors] AS [a]
WHERE (@__fullName_0 LIKE N'') OR (CHARINDEX(@__fullName_0, [a].[FullName]) > 0)
2024-07-05 14:58:49.030 +04:00  INF  Executing OkObjectResult, writing value of type 'System.Collections.Generic.List`1[[Service.DTOs.Admin.Authors.AuthorDto, Service, Version=1.0.0.0, Culture=neutral, PublicKeyToken=null]]'.
2024-07-05 14:58:49.030 +04:00  INF  Executed action App.Controllers.Admin.AuthorController.SearchByName (App) in 89.5193ms
2024-07-05 14:58:49.030 +04:00  INF  Executed endpoint 'App.Controllers.Admin.AuthorController.SearchByName (App)'
2024-07-05 14:58:49.030 +04:00  INF  Request finished HTTP/2 GET https://localhost:7095/api/admin/Author/SearchByName?name=b - - - 200 - application/json;+charset=utf-8 97.4140ms
2024-07-05 14:59:01.939 +04:00  INF  Request starting HTTP/2 DELETE https://localhost:7095/api/admin/Author/Delete?id=1 - -
2024-07-05 14:59:01.940 +04:00  INF  Executing endpoint 'App.Controllers.Admin.AuthorController.Delete (App)'
2024-07-05 14:59:01.942 +04:00  INF  Route matched with {action = "Delete", controller = "Author"}. Executing controller action with signature System.Threading.Tasks.Task`1[Microsoft.AspNetCore.Mvc.IActionResult] Delete(Int32) on controller App.Controllers.Admin.AuthorController (App).
2024-07-05 14:59:01.943 +04:00  INF  Entity Framework Core 6.0.31 initialized 'AppDbContext' using provider 'Microsoft.EntityFrameworkCore.SqlServer:6.0.31' with options: None
2024-07-05 14:59:01.948 +04:00  INF  Executed DbCommand (1ms) [Parameters=[@__id_0='?' (DbType = Int32)], CommandType='"Text"', CommandTimeout='30']
SELECT TOP(1) [a].[Id], [a].[Age], [a].[Country], [a].[CreatedDate], [a].[FullName], [a].[SoftDelete]
FROM [Authors] AS [a]
WHERE [a].[Id] = @__id_0
2024-07-05 14:59:01.975 +04:00  INF  Executed DbCommand (8ms) [Parameters=[@p0='?' (DbType = Int32)], CommandType='"Text"', CommandTimeout='30']
SET NOCOUNT ON;
DELETE FROM [Authors]
WHERE [Id] = @p0;
SELECT @@ROWCOUNT;
2024-07-05 14:59:01.985 +04:00  INF  Executing StatusCodeResult, setting HTTP status code 200
2024-07-05 14:59:01.985 +04:00  INF  Executed action App.Controllers.Admin.AuthorController.Delete (App) in 43.0618ms
2024-07-05 14:59:01.985 +04:00  INF  Executed endpoint 'App.Controllers.Admin.AuthorController.Delete (App)'
2024-07-05 14:59:01.986 +04:00  INF  Request finished HTTP/2 DELETE https://localhost:7095/api/admin/Author/Delete?id=1 - - - 200 0 - 46.3931ms
2024-07-05 14:59:10.687 +04:00  INF  Request starting HTTP/2 GET https://localhost:7095/api/admin/Author/GetAll - -
2024-07-05 14:59:10.687 +04:00  INF  Executing endpoint 'App.Controllers.Admin.AuthorController.GetAll (App)'
2024-07-05 14:59:10.687 +04:00  INF  Route matched with {action = "GetAll", controller = "Author"}. Executing controller action with signature System.Threading.Tasks.Task`1[Microsoft.AspNetCore.Mvc.IActionResult] GetAll() on controller App.Controllers.Admin.AuthorController (App).
2024-07-05 14:59:10.688 +04:00  INF  Entity Framework Core 6.0.31 initialized 'AppDbContext' using provider 'Microsoft.EntityFrameworkCore.SqlServer:6.0.31' with options: None
2024-07-05 14:59:10.690 +04:00  INF  Executed DbCommand (1ms) [Parameters=[], CommandType='"Text"', CommandTimeout='30']
SELECT [a].[Id], [a].[Age], [a].[Country], [a].[CreatedDate], [a].[FullName], [a].[SoftDelete]
FROM [Authors] AS [a]
2024-07-05 14:59:10.690 +04:00  INF  Executing OkObjectResult, writing value of type 'System.Collections.Generic.List`1[[Service.DTOs.Admin.Authors.AuthorDto, Service, Version=1.0.0.0, Culture=neutral, PublicKeyToken=null]]'.
2024-07-05 14:59:10.690 +04:00  INF  Executed action App.Controllers.Admin.AuthorController.GetAll (App) in 2.901ms
2024-07-05 14:59:10.690 +04:00  INF  Executed endpoint 'App.Controllers.Admin.AuthorController.GetAll (App)'
2024-07-05 14:59:10.690 +04:00  INF  Request finished HTTP/2 GET https://localhost:7095/api/admin/Author/GetAll - - - 200 - application/json;+charset=utf-8 3.4678ms
2024-07-05 15:03:50.915 +04:00  INF  User profile is available. Using 'C:\Users\user\AppData\Local\ASP.NET\DataProtection-Keys' as key repository and Windows DPAPI to encrypt keys at rest.
2024-07-05 15:03:51.015 +04:00  INF  Now listening on: https://localhost:7095
2024-07-05 15:03:51.015 +04:00  INF  Now listening on: http://localhost:5035
2024-07-05 15:03:51.017 +04:00  INF  Application started. Press Ctrl+C to shut down.
2024-07-05 15:03:51.017 +04:00  INF  Hosting environment: Development
2024-07-05 15:03:51.017 +04:00  INF  Content root path: C:\Users\user\Desktop\Login_HomeTask\CourseAppTask\App\
2024-07-05 15:03:51.112 +04:00  INF  Request starting HTTP/2 GET https://localhost:7095/swagger/index.html - -
2024-07-05 15:03:51.225 +04:00  INF  Request finished HTTP/2 GET https://localhost:7095/swagger/index.html - - - 200 - text/html;charset=utf-8 114.4019ms
2024-07-05 15:03:51.261 +04:00  INF  Request starting HTTP/2 GET https://localhost:7095/_vs/browserLink - -
2024-07-05 15:03:51.269 +04:00  INF  Request starting HTTP/2 GET https://localhost:7095/_framework/aspnetcore-browser-refresh.js - -
2024-07-05 15:03:51.271 +04:00  INF  Request finished HTTP/2 GET https://localhost:7095/_framework/aspnetcore-browser-refresh.js - - - 200 11976 application/javascript;+charset=utf-8 1.3781ms
2024-07-05 15:03:51.286 +04:00  INF  Request finished HTTP/2 GET https://localhost:7095/_vs/browserLink - - - 200 - text/javascript;+charset=UTF-8 24.5243ms
2024-07-05 15:03:51.564 +04:00  INF  Request starting HTTP/2 GET https://localhost:7095/swagger/v1/swagger.json - -
2024-07-05 15:03:51.628 +04:00  INF  Request finished HTTP/2 GET https://localhost:7095/swagger/v1/swagger.json - - - 200 - application/json;charset=utf-8 63.1836ms
2024-07-05 15:04:29.142 +04:00  INF  Request starting HTTP/2 POST https://localhost:7095/api/admin/Book/Create application/json 137
2024-07-05 15:04:29.169 +04:00  INF  Executing endpoint 'App.Controllers.Admin.BookController.Create (App)'
2024-07-05 15:04:29.210 +04:00  INF  Route matched with {action = "Create", controller = "Book"}. Executing controller action with signature System.Threading.Tasks.Task`1[Microsoft.AspNetCore.Mvc.IActionResult] Create(Service.DTOs.Admin.Books.BookCreateDto) on controller App.Controllers.Admin.BookController (App).
2024-07-05 15:04:30.136 +04:00  INF  Entity Framework Core 6.0.31 initialized 'AppDbContext' using provider 'Microsoft.EntityFrameworkCore.SqlServer:6.0.31' with options: None
2024-07-05 15:04:30.835 +04:00  INF  Executed DbCommand (53ms) [Parameters=[@p0='?' (DbType = DateTime2), @p1='?' (Size = 1000), @p2='?' (Size = 30), @p3='?' (Size = 50), @p4='?' (DbType = Int32), @p5='?' (DbType = Boolean)], CommandType='"Text"', CommandTimeout='30']
SET NOCOUNT ON;
INSERT INTO [Books] ([CreatedDate], [Description], [Genre], [Name], [PageCount], [SoftDelete])
VALUES (@p0, @p1, @p2, @p3, @p4, @p5);
SELECT [Id]
FROM [Books]
WHERE @@ROWCOUNT = 1 AND [Id] = scope_identity();
2024-07-05 15:04:30.919 +04:00  INF  Executed DbCommand (6ms) [Parameters=[@p0='?' (DbType = Int32), @p1='?' (DbType = Int32), @p2='?' (DbType = DateTime2), @p3='?' (DbType = Boolean)], CommandType='"Text"', CommandTimeout='30']
SET NOCOUNT ON;
INSERT INTO [AuthorBooks] ([AuthorId], [BookId], [CreatedDate], [SoftDelete])
VALUES (@p0, @p1, @p2, @p3);
SELECT [Id]
FROM [AuthorBooks]
WHERE @@ROWCOUNT = 1 AND [Id] = scope_identity();
2024-07-05 15:04:30.928 +04:00  INF  Executing CreatedAtActionResult, writing value of type '<>f__AnonymousType0`1[[System.String, System.Private.CoreLib, Version=6.0.0.0, Culture=neutral, PublicKeyToken=7cec85d7bea7798e]]'.
2024-07-05 15:04:30.954 +04:00  INF  Executed action App.Controllers.Admin.BookController.Create (App) in 1738.6131ms
2024-07-05 15:04:30.955 +04:00  INF  Executed endpoint 'App.Controllers.Admin.BookController.Create (App)'
2024-07-05 15:04:30.957 +04:00  INF  Request finished HTTP/2 POST https://localhost:7095/api/admin/Book/Create application/json 137 - 201 - application/json;+charset=utf-8 1815.4021ms
2024-07-05 15:04:42.384 +04:00  INF  Request starting HTTP/2 GET https://localhost:7095/api/admin/Book/GetAll - -
2024-07-05 15:04:42.387 +04:00  INF  Executing endpoint 'App.Controllers.Admin.BookController.GetAll (App)'
2024-07-05 15:04:42.392 +04:00  INF  Route matched with {action = "GetAll", controller = "Book"}. Executing controller action with signature System.Threading.Tasks.Task`1[Microsoft.AspNetCore.Mvc.IActionResult] GetAll() on controller App.Controllers.Admin.BookController (App).
2024-07-05 15:04:42.451 +04:00  INF  Entity Framework Core 6.0.31 initialized 'AppDbContext' using provider 'Microsoft.EntityFrameworkCore.SqlServer:6.0.31' with options: None
2024-07-05 15:04:42.809 +04:00  INF  Executed DbCommand (15ms) [Parameters=[], CommandType='"Text"', CommandTimeout='30']
SELECT [b].[Id], [b].[CreatedDate], [b].[Description], [b].[Genre], [b].[Name], [b].[PageCount], [b].[SoftDelete], [t].[Id], [t].[AuthorId], [t].[BookId], [t].[CreatedDate], [t].[SoftDelete], [t].[Id0], [t].[Age], [t].[Country], [t].[CreatedDate0], [t].[FullName], [t].[SoftDelete0]
FROM [Books] AS [b]
LEFT JOIN (
    SELECT [a].[Id], [a].[AuthorId], [a].[BookId], [a].[CreatedDate], [a].[SoftDelete], [a0].[Id] AS [Id0], [a0].[Age], [a0].[Country], [a0].[CreatedDate] AS [CreatedDate0], [a0].[FullName], [a0].[SoftDelete] AS [SoftDelete0]
    FROM [AuthorBooks] AS [a]
    INNER JOIN [Authors] AS [a0] ON [a].[AuthorId] = [a0].[Id]
) AS [t] ON [b].[Id] = [t].[BookId]
ORDER BY [b].[Id], [t].[Id]
2024-07-05 15:04:42.838 +04:00  INF  Executing OkObjectResult, writing value of type 'System.Collections.Generic.List`1[[Service.DTOs.Admin.Books.BookDto, Service, Version=1.0.0.0, Culture=neutral, PublicKeyToken=null]]'.
2024-07-05 15:04:42.840 +04:00  INF  Executed action App.Controllers.Admin.BookController.GetAll (App) in 447.7515ms
2024-07-05 15:04:42.840 +04:00  INF  Executed endpoint 'App.Controllers.Admin.BookController.GetAll (App)'
2024-07-05 15:04:42.840 +04:00  INF  Request finished HTTP/2 GET https://localhost:7095/api/admin/Book/GetAll - - - 200 - application/json;+charset=utf-8 455.6968ms
2024-07-05 15:05:08.475 +04:00  INF  Request starting HTTP/2 GET https://localhost:7095/api/admin/Book/SearchByName?name=b - -
2024-07-05 15:05:08.477 +04:00  INF  Executing endpoint 'App.Controllers.Admin.BookController.SearchByName (App)'
2024-07-05 15:05:08.482 +04:00  INF  Route matched with {action = "SearchByName", controller = "Book"}. Executing controller action with signature System.Threading.Tasks.Task`1[Microsoft.AspNetCore.Mvc.IActionResult] SearchByName(System.String) on controller App.Controllers.Admin.BookController (App).
2024-07-05 15:05:08.497 +04:00  INF  Entity Framework Core 6.0.31 initialized 'AppDbContext' using provider 'Microsoft.EntityFrameworkCore.SqlServer:6.0.31' with options: None
2024-07-05 15:05:08.554 +04:00  INF  Executed DbCommand (8ms) [Parameters=[@__name_0='?' (Size = 50)], CommandType='"Text"', CommandTimeout='30']
SELECT [b].[Id], [b].[CreatedDate], [b].[Description], [b].[Genre], [b].[Name], [b].[PageCount], [b].[SoftDelete]
FROM [Books] AS [b]
WHERE (@__name_0 LIKE N'') OR (CHARINDEX(@__name_0, [b].[Name]) > 0)
2024-07-05 15:05:08.560 +04:00  INF  Executing OkObjectResult, writing value of type 'System.Collections.Generic.List`1[[Service.DTOs.Admin.Books.BookDto, Service, Version=1.0.0.0, Culture=neutral, PublicKeyToken=null]]'.
2024-07-05 15:05:08.561 +04:00  INF  Executed action App.Controllers.Admin.BookController.SearchByName (App) in 78.5344ms
2024-07-05 15:05:08.561 +04:00  INF  Executed endpoint 'App.Controllers.Admin.BookController.SearchByName (App)'
2024-07-05 15:05:08.561 +04:00  INF  Request finished HTTP/2 GET https://localhost:7095/api/admin/Book/SearchByName?name=b - - - 200 - application/json;+charset=utf-8 85.9893ms
2024-07-05 15:05:16.707 +04:00  INF  Request starting HTTP/2 GET https://localhost:7095/api/admin/Book/SearchByName?name=a - -
2024-07-05 15:05:16.707 +04:00  INF  Executing endpoint 'App.Controllers.Admin.BookController.SearchByName (App)'
2024-07-05 15:05:16.707 +04:00  INF  Route matched with {action = "SearchByName", controller = "Book"}. Executing controller action with signature System.Threading.Tasks.Task`1[Microsoft.AspNetCore.Mvc.IActionResult] SearchByName(System.String) on controller App.Controllers.Admin.BookController (App).
2024-07-05 15:05:16.707 +04:00  INF  Entity Framework Core 6.0.31 initialized 'AppDbContext' using provider 'Microsoft.EntityFrameworkCore.SqlServer:6.0.31' with options: None
2024-07-05 15:05:16.713 +04:00  INF  Executed DbCommand (1ms) [Parameters=[@__name_0='?' (Size = 50)], CommandType='"Text"', CommandTimeout='30']
SELECT [b].[Id], [b].[CreatedDate], [b].[Description], [b].[Genre], [b].[Name], [b].[PageCount], [b].[SoftDelete]
FROM [Books] AS [b]
WHERE (@__name_0 LIKE N'') OR (CHARINDEX(@__name_0, [b].[Name]) > 0)
2024-07-05 15:05:16.714 +04:00  INF  Executing OkObjectResult, writing value of type 'System.Collections.Generic.List`1[[Service.DTOs.Admin.Books.BookDto, Service, Version=1.0.0.0, Culture=neutral, PublicKeyToken=null]]'.
2024-07-05 15:05:16.714 +04:00  INF  Executed action App.Controllers.Admin.BookController.SearchByName (App) in 7.0767ms
2024-07-05 15:05:16.714 +04:00  INF  Executed endpoint 'App.Controllers.Admin.BookController.SearchByName (App)'
2024-07-05 15:05:16.714 +04:00  INF  Request finished HTTP/2 GET https://localhost:7095/api/admin/Book/SearchByName?name=a - - - 200 - application/json;+charset=utf-8 7.6420ms
2024-07-05 16:27:38.773 +04:00  INF  User profile is available. Using 'C:\Users\user\AppData\Local\ASP.NET\DataProtection-Keys' as key repository and Windows DPAPI to encrypt keys at rest.
2024-07-05 16:27:39.293 +04:00  INF  Now listening on: https://localhost:7095
2024-07-05 16:27:39.293 +04:00  INF  Now listening on: http://localhost:5035
2024-07-05 16:27:39.295 +04:00  INF  Application started. Press Ctrl+C to shut down.
2024-07-05 16:27:39.295 +04:00  INF  Hosting environment: Development
2024-07-05 16:27:39.295 +04:00  INF  Content root path: C:\Users\user\Desktop\Login_HomeTask\CourseAppTask\App\
2024-07-05 16:27:40.097 +04:00  INF  Request starting HTTP/2 GET https://localhost:7095/swagger/index.html - -
2024-07-05 16:27:40.373 +04:00  INF  Request finished HTTP/2 GET https://localhost:7095/swagger/index.html - - - 200 - text/html;charset=utf-8 280.8734ms
2024-07-05 16:27:40.383 +04:00  INF  Request starting HTTP/2 GET https://localhost:7095/_framework/aspnetcore-browser-refresh.js - -
2024-07-05 16:27:40.383 +04:00  INF  Request starting HTTP/2 GET https://localhost:7095/_vs/browserLink - -
2024-07-05 16:27:40.384 +04:00  INF  Request finished HTTP/2 GET https://localhost:7095/_framework/aspnetcore-browser-refresh.js - - - 200 11976 application/javascript;+charset=utf-8 1.5044ms
2024-07-05 16:27:40.460 +04:00  INF  Request finished HTTP/2 GET https://localhost:7095/_vs/browserLink - - - 200 - text/javascript;+charset=UTF-8 77.5375ms
2024-07-05 16:27:40.558 +04:00  INF  Request starting HTTP/2 GET https://localhost:7095/swagger/v1/swagger.json - -
2024-07-05 16:27:40.646 +04:00  INF  Request finished HTTP/2 GET https://localhost:7095/swagger/v1/swagger.json - - - 200 - application/json;charset=utf-8 88.2683ms
